Flutter crash report; please file at https://github.com/flutter/flutter/issues.

## command

flutter --no-color packages get

## exception

YamlException: Error on line 56, column 3: Expected ':'.
   ╷
56 │   # To add assets to your application, add an assets section, like this:
   │   ^
   ╵

```
#0      Scanner._staleSimpleKeys (package:yaml/src/scanner.dart:491:9)
#1      Scanner._fetchMoreTokens (package:yaml/src/scanner.dart:325:9)
#2      Scanner.peek (package:yaml/src/scanner.dart:317:27)
#3      Parser._parseBlockMappingKey (package:yaml/src/parser.dart:411:26)
#4      Parser._stateMachine (package:yaml/src/parser.dart:86:16)
#5      Parser.parse (package:yaml/src/parser.dart:47:19)
#6      Loader._loadMapping (package:yaml/src/loader.dart:169:23)
#7      Loader._loadNode (package:yaml/src/loader.dart:86:16)
#8      Loader._loadSequence (package:yaml/src/loader.dart:140:20)
#9      Loader._loadNode (package:yaml/src/loader.dart:84:16)
#10     Loader._loadMapping (package:yaml/src/loader.dart:163:19)
#11     Loader._loadNode (package:yaml/src/loader.dart:86:16)
#12     Loader._loadSequence (package:yaml/src/loader.dart:140:20)
#13     Loader._loadNode (package:yaml/src/loader.dart:84:16)
#14     Loader._loadMapping (package:yaml/src/loader.dart:163:19)
#15     Loader._loadNode (package:yaml/src/loader.dart:86:16)
#16     Loader._loadMapping (package:yaml/src/loader.dart:163:19)
#17     Loader._loadNode (package:yaml/src/loader.dart:86:16)
#18     Loader._loadDocument (package:yaml/src/loader.dart:62:20)
#19     Loader.load (package:yaml/src/loader.dart:54:20)
#20     loadYamlDocument (package:yaml/yaml.dart:51:25)
#21     loadYamlNode (package:yaml/yaml.dart:42:5)
#22     loadYaml (package:yaml/yaml.dart:34:5)
#23     FlutterManifest.createFromString (package:flutter_tools/src/flutter_manifest.dart:38:28)
#24     FlutterManifest.createFromPath (package:flutter_tools/src/flutter_manifest.dart:32:12)
#25     FlutterProject._readManifest (package:flutter_tools/src/project.dart:167:54)
#26     FlutterProject.fromDirectory (package:flutter_tools/src/project.dart:45:38)
#27     FlutterProject.fromPath (package:flutter_tools/src/project.dart:60:50)
#28     PackagesGetCommand.usageValues (package:flutter_tools/src/commands/packages.dart:80:55)
<asynchronous suspension>
#29     FlutterCommand._sendUsage (package:flutter_tools/src/runner/flutter_command.dart:411:58)
<asynchronous suspension>
#30     FlutterCommand.run.<anonymous closure> (package:flutter_tools/src/runner/flutter_command.dart:392:17)
<asynchronous suspension>
#31     AppContext.run.<anonymous closure> (package:flutter_tools/src/base/context.dart:153:29)
<asynchronous suspension>
#32     _rootRun (dart:async/zone.dart:1124:13)
#33     _CustomZone.run (dart:async/zone.dart:1021:19)
#34     _runZoned (dart:async/zone.dart:1516:10)
#35     runZoned (dart:async/zone.dart:1463:12)
#36     AppContext.run (package:flutter_tools/src/base/context.dart:152:18)
<asynchronous suspension>
#37     FlutterCommand.run (package:flutter_tools/src/runner/flutter_command.dart:375:20)
#38     CommandRunner.runCommand (package:args/command_runner.dart:197:27)
<asynchronous suspension>
#39     FlutterCommandRunner.runCommand.<anonymous closure> (package:flutter_tools/src/runner/flutter_command_runner.dart:396:21)
<asynchronous suspension>
#40     AppContext.run.<anonymous closure> (package:flutter_tools/src/base/context.dart:153:29)
<asynchronous suspension>
#41     _rootRun (dart:async/zone.dart:1124:13)
#42     _CustomZone.run (dart:async/zone.dart:1021:19)
#43     _runZoned (dart:async/zone.dart:1516:10)
#44     runZoned (dart:async/zone.dart:1463:12)
#45     AppContext.run (package:flutter_tools/src/base/context.dart:152:18)
<asynchronous suspension>
#46     FlutterCommandRunner.runCommand (package:flutter_tools/src/runner/flutter_command_runner.dart:356:19)
<asynchronous suspension>
#47     CommandRunner.run.<anonymous closure> (package:args/command_runner.dart:112:25)
#48     new Future.sync (dart:async/future.dart:224:31)
#49     CommandRunner.run (package:args/command_runner.dart:112:14)
#50     FlutterCommandRunner.run (package:flutter_tools/src/runner/flutter_command_runner.dart:242:18)
#51     run.<anonymous closure>.<anonymous closure> (package:flutter_tools/runner.dart:62:22)
<asynchronous suspension>
#52     _rootRun (dart:async/zone.dart:1124:13)
#53     _CustomZone.run (dart:async/zone.dart:1021:19)
#54     _runZoned (dart:async/zone.dart:1516:10)
#55     runZoned (dart:async/zone.dart:1500:12)
#56     run.<anonymous closure> (package:flutter_tools/runner.dart:60:18)
<asynchronous suspension>
#57     AppContext.run.<anonymous closure> (package:flutter_tools/src/base/context.dart:153:29)
<asynchronous suspension>
#58     _rootRun (dart:async/zone.dart:1124:13)
#59     _CustomZone.run (dart:async/zone.dart:1021:19)
#60     _runZoned (dart:async/zone.dart:1516:10)
#61     runZoned (dart:async/zone.dart:1463:12)
#62     AppContext.run (package:flutter_tools/src/base/context.dart:152:18)
<asynchronous suspension>
#63     runInContext (package:flutter_tools/src/context_runner.dart:56:24)
<asynchronous suspension>
#64     run (package:flutter_tools/runner.dart:51:10)
#65     main (package:flutter_tools/executable.dart:62:9)
<asynchronous suspension>
#66     main (file:///C:/b/s/w/ir/k/archive/flutter/packages/flutter_tools/bin/flutter_tools.dart:8:3)
#67     _startIsolate.<anonymous closure> (dart:isolate-patch/isolate_patch.dart:299:32)
#68     _RawReceivePortImpl._handleMessage (dart:isolate-patch/isolate_patch.dart:172:12)
```

## flutter doctor

```
[✓] Flutter (Channel stable, v1.7.8+hotfix.3, on Microsoft Windows [Version 10.0.17763.615], locale en-US)
    • Flutter version 1.7.8+hotfix.3 at C:\flutter
    • Framework revision b712a172f9 (10 days ago), 2019-07-09 13:14:38 -0700
    • Engine revision 54ad777fd2
    • Dart version 2.4.0

[✓] Android toolchain - develop for Android devices (Android SDK version 29.0.1)
    • Android SDK at C:\Users\Administrator\AppData\Local\Android\sdk
    • Android NDK location not configured (optional; useful for native profiling support)
    • Platform android-29, build-tools 29.0.1
    • Java binary at: C:\Program Files\Android\Android Studio\jre\bin\java
    • Java version OpenJDK Runtime Environment (build 1.8.0_152-release-1343-b01)
    • All Android licenses accepted.

[✓] Android Studio (version 3.4)
    • Android Studio at C:\Program Files\Android\Android Studio
    • Flutter plugin version 37.1.1
    • Dart plugin version 183.6270
    • Java version OpenJDK Runtime Environment (build 1.8.0_152-release-1343-b01)

[!] VS Code (version 1.36.1)
    • VS Code at C:\Users\Administrator\AppData\Local\Programs\Microsoft VS Code
    ✗ Flutter extension not installed; install from
      https://marketplace.visualstudio.com/items?itemName=Dart-Code.flutter

[✓] Connected device (1 available)
    • Android SDK built for x86 • emulator-5554 • android-x86 • Android 8.0.0 (API 26) (emulator)

! Doctor found issues in 1 category.
```
