Flutter crash report; please file at https://github.com/flutter/flutter/issues.

## command

flutter --no-color packages upgrade

## exception

YamlException: Error on line 46, column 12: Mapping values are not allowed here. Did you miss a colon earlier?
   ╷
46 │       fonts:
   │            ^
   ╵

```
#0      Scanner._fetchValue (package:yaml/src/scanner.dart:713:9)
#1      Scanner._fetchNextToken (package:yaml/src/scanner.dart:457:11)
#2      Scanner._fetchMoreTokens (package:yaml/src/scanner.dart:339:7)
#3      Scanner.peek (package:yaml/src/scanner.dart:317:27)
#4      Parser._parseBlockSequenceEntry (package:yaml/src/parser.dart:348:26)
#5      Parser._stateMachine (package:yaml/src/parser.dart:77:16)
#6      Parser.parse (package:yaml/src/parser.dart:47:19)
#7      Loader._loadSequence (package:yaml/src/loader.dart:141:23)
#8      Loader._loadNode (package:yaml/src/loader.dart:84:16)
#9      Loader._loadMapping (package:yaml/src/loader.dart:163:19)
#10     Loader._loadNode (package:yaml/src/loader.dart:86:16)
#11     Loader._loadMapping (package:yaml/src/loader.dart:163:19)
#12     Loader._loadNode (package:yaml/src/loader.dart:86:16)
#13     Loader._loadDocument (package:yaml/src/loader.dart:62:20)
#14     Loader.load (package:yaml/src/loader.dart:54:20)
#15     loadYamlDocument (package:yaml/yaml.dart:51:25)
#16     loadYamlNode (package:yaml/yaml.dart:42:5)
#17     loadYaml (package:yaml/yaml.dart:34:5)
#18     FlutterManifest.createFromString (package:flutter_tools/src/flutter_manifest.dart:38:28)
#19     FlutterManifest.createFromPath (package:flutter_tools/src/flutter_manifest.dart:32:12)
#20     FlutterProject._readManifest (package:flutter_tools/src/project.dart:167:54)
#21     FlutterProject.fromDirectory (package:flutter_tools/src/project.dart:45:38)
#22     FlutterProject.fromPath (package:flutter_tools/src/project.dart:60:50)
#23     PackagesGetCommand.usageValues (package:flutter_tools/src/commands/packages.dart:80:55)
<asynchronous suspension>
#24     FlutterCommand._sendUsage (package:flutter_tools/src/runner/flutter_command.dart:411:58)
<asynchronous suspension>
#25     FlutterCommand.run.<anonymous closure> (package:flutter_tools/src/runner/flutter_command.dart:392:17)
<asynchronous suspension>
#26     AppContext.run.<anonymous closure> (package:flutter_tools/src/base/context.dart:153:29)
<asynchronous suspension>
#27     _rootRun (dart:async/zone.dart:1124:13)
#28     _CustomZone.run (dart:async/zone.dart:1021:19)
#29     _runZoned (dart:async/zone.dart:1516:10)
#30     runZoned (dart:async/zone.dart:1463:12)
#31     AppContext.run (package:flutter_tools/src/base/context.dart:152:18)
<asynchronous suspension>
#32     FlutterCommand.run (package:flutter_tools/src/runner/flutter_command.dart:375:20)
#33     CommandRunner.runCommand (package:args/command_runner.dart:197:27)
<asynchronous suspension>
#34     FlutterCommandRunner.runCommand.<anonymous closure> (package:flutter_tools/src/runner/flutter_command_runner.dart:396:21)
<asynchronous suspension>
#35     AppContext.run.<anonymous closure> (package:flutter_tools/src/base/context.dart:153:29)
<asynchronous suspension>
#36     _rootRun (dart:async/zone.dart:1124:13)
#37     _CustomZone.run (dart:async/zone.dart:1021:19)
#38     _runZoned (dart:async/zone.dart:1516:10)
#39     runZoned (dart:async/zone.dart:1463:12)
#40     AppContext.run (package:flutter_tools/src/base/context.dart:152:18)
<asynchronous suspension>
#41     FlutterCommandRunner.runCommand (package:flutter_tools/src/runner/flutter_command_runner.dart:356:19)
<asynchronous suspension>
#42     CommandRunner.run.<anonymous closure> (package:args/command_runner.dart:112:25)
#43     new Future.sync (dart:async/future.dart:224:31)
#44     CommandRunner.run (package:args/command_runner.dart:112:14)
#45     FlutterCommandRunner.run (package:flutter_tools/src/runner/flutter_command_runner.dart:242:18)
#46     run.<anonymous closure>.<anonymous closure> (package:flutter_tools/runner.dart:62:22)
<asynchronous suspension>
#47     _rootRun (dart:async/zone.dart:1124:13)
#48     _CustomZone.run (dart:async/zone.dart:1021:19)
#49     _runZoned (dart:async/zone.dart:1516:10)
#50     runZoned (dart:async/zone.dart:1500:12)
#51     run.<anonymous closure> (package:flutter_tools/runner.dart:60:18)
<asynchronous suspension>
#52     AppContext.run.<anonymous closure> (package:flutter_tools/src/base/context.dart:153:29)
<asynchronous suspension>
#53     _rootRun (dart:async/zone.dart:1124:13)
#54     _CustomZone.run (dart:async/zone.dart:1021:19)
#55     _runZoned (dart:async/zone.dart:1516:10)
#56     runZoned (dart:async/zone.dart:1463:12)
#57     AppContext.run (package:flutter_tools/src/base/context.dart:152:18)
<asynchronous suspension>
#58     runInContext (package:flutter_tools/src/context_runner.dart:56:24)
<asynchronous suspension>
#59     run (package:flutter_tools/runner.dart:51:10)
#60     main (package:flutter_tools/executable.dart:62:9)
<asynchronous suspension>
#61     main (file:///C:/b/s/w/ir/k/archive/flutter/packages/flutter_tools/bin/flutter_tools.dart:8:3)
#62     _startIsolate.<anonymous closure> (dart:isolate-patch/isolate_patch.dart:299:32)
#63     _RawReceivePortImpl._handleMessage (dart:isolate-patch/isolate_patch.dart:172:12)
```

## flutter doctor

```
[✓] Flutter (Channel stable, v1.7.8+hotfix.3, on Microsoft Windows [Version 10.0.17763.615], locale en-US)
    • Flutter version 1.7.8+hotfix.3 at C:\flutter
    • Framework revision b712a172f9 (10 days ago), 2019-07-09 13:14:38 -0700
    • Engine revision 54ad777fd2
    • Dart version 2.4.0

[✓] Android toolchain - develop for Android devices (Android SDK version 29.0.1)
    • Android SDK at C:\Users\Administrator\AppData\Local\Android\sdk
    • Android NDK location not configured (optional; useful for native profiling support)
    • Platform android-29, build-tools 29.0.1
    • Java binary at: C:\Program Files\Android\Android Studio\jre\bin\java
    • Java version OpenJDK Runtime Environment (build 1.8.0_152-release-1343-b01)
    • All Android licenses accepted.

[✓] Android Studio (version 3.4)
    • Android Studio at C:\Program Files\Android\Android Studio
    • Flutter plugin version 37.1.1
    • Dart plugin version 183.6270
    • Java version OpenJDK Runtime Environment (build 1.8.0_152-release-1343-b01)

[!] VS Code (version 1.36.1)
    • VS Code at C:\Users\Administrator\AppData\Local\Programs\Microsoft VS Code
    ✗ Flutter extension not installed; install from
      https://marketplace.visualstudio.com/items?itemName=Dart-Code.flutter

[✓] Connected device (1 available)
    • Android SDK built for x86 • emulator-5554 • android-x86 • Android 8.0.0 (API 26) (emulator)

! Doctor found issues in 1 category.
```
